C:\DAN\CLASSES\SE423SPRING19\HW6\ASTARHW\ASTAR\DEBUG\ASTAR.EXE.EMBED.MANIFEST
C:\DAN\CLASSES\SE423SPRING19\HW6\ASTARHW\ASTAR\DEBUG\ASTAR.EXE.EMBED.MANIFEST.RES
C:\DAN\CLASSES\SE423SPRING19\HW6\ASTARHW\ASTAR\DEBUG\ASTAR.EXE.INTERMEDIATE.MANIFEST
C:\DAN\CLASSES\SE423SPRING19\HW6\ASTARHW\ASTAR\DEBUG\ASTAR.OBJ
C:\DAN\CLASSES\SE423SPRING19\HW6\ASTARHW\ASTAR\DEBUG\ASTAR.PCH
C:\dan\classes\SE423Spring19\HW6\astarhw\astar\Debug\astar.write.1.tlog
C:\dan\classes\SE423Spring19\HW6\astarhw\astar\Debug\astar_manifest.rc
C:\dan\classes\SE423Spring19\HW6\astarhw\astar\Debug\cl.command.1.tlog
C:\dan\classes\SE423Spring19\HW6\astarhw\astar\Debug\CL.read.1.tlog
C:\dan\classes\SE423Spring19\HW6\astarhw\astar\Debug\CL.write.1.tlog
C:\dan\classes\SE423Spring19\HW6\astarhw\astar\Debug\link.14000.read.1.tlog
C:\dan\classes\SE423Spring19\HW6\astarhw\astar\Debug\link.14000.write.1.tlog
C:\dan\classes\SE423Spring19\HW6\astarhw\astar\Debug\link.14000-cvtres.read.1.tlog
C:\dan\classes\SE423Spring19\HW6\astarhw\astar\Debug\link.14000-cvtres.write.1.tlog
C:\dan\classes\SE423Spring19\HW6\astarhw\astar\Debug\link.command.1.tlog
C:\dan\classes\SE423Spring19\HW6\astarhw\astar\Debug\link.read.1.tlog
C:\dan\classes\SE423Spring19\HW6\astarhw\astar\Debug\link.write.1.tlog
C:\dan\classes\SE423Spring19\HW6\astarhw\astar\Debug\link-cvtres.read.1.tlog
C:\dan\classes\SE423Spring19\HW6\astarhw\astar\Debug\link-cvtres.write.1.tlog
C:\dan\classes\SE423Spring19\HW6\astarhw\astar\Debug\mt.command.1.tlog
C:\dan\classes\SE423Spring19\HW6\astarhw\astar\Debug\mt.read.1.tlog
C:\dan\classes\SE423Spring19\HW6\astarhw\astar\Debug\mt.write.1.tlog
C:\DAN\CLASSES\SE423SPRING19\HW6\ASTARHW\ASTAR\DEBUG\PQUEUE.OBJ
C:\dan\classes\SE423Spring19\HW6\astarhw\astar\Debug\rc.command.1.tlog
C:\dan\classes\SE423Spring19\HW6\astarhw\astar\Debug\rc.read.1.tlog
C:\dan\classes\SE423Spring19\HW6\astarhw\astar\Debug\rc.write.1.tlog
C:\DAN\CLASSES\SE423SPRING19\HW6\ASTARHW\ASTAR\DEBUG\STDAFX.OBJ
C:\dan\classes\SE423Spring19\HW6\astarhw\astar\Debug\vc100.idb
C:\DAN\CLASSES\SE423SPRING19\HW6\ASTARHW\ASTAR\DEBUG\VC100.PDB
C:\DAN\CLASSES\SE423SPRING19\HW6\ASTARHW\DEBUG\ASTAR.EXE
C:\DAN\CLASSES\SE423SPRING19\HW6\ASTARHW\DEBUG\ASTAR.ILK
C:\DAN\CLASSES\SE423SPRING19\HW6\ASTARHW\DEBUG\ASTAR.PDB
